<?xml version="1.0" encoding="UTF-8"?>
<!-- Generated by org.testng.reporters.JUnitReportReporter -->
<testsuite hostname="menaka" failures="0" tests="1" name="com.auto.tests.LoginTest" time="3.004" errors="0" timestamp="2023-06-29T13:17:51 EDT" skipped="0">
  <testcase classname="com.auto.tests.LoginTest" name="test1" time="3.004"/>
  <system-out/>
</testsuite> <!-- com.auto.tests.LoginTest -->
