<?xml version="1.0" encoding="UTF-8"?>
<!-- Generated by org.testng.reporters.JUnitReportReporter -->
<testsuite hostname="menaka" failures="0" tests="2" name="com.auto.tests.HomePageTest" time="5.035" errors="0" timestamp="2023-06-29T13:17:51 EDT" skipped="0">
  <testcase classname="com.auto.tests.HomePageTest" name="test3" time="3.066"/>
  <system-out/>
  <testcase classname="com.auto.tests.HomePageTest" name="test2" time="1.969"/>
  <system-out/>
</testsuite> <!-- com.auto.tests.HomePageTest -->
